MPASM  5.37                  JUEGODELUCES.ASM   9-26-2017  13:00:32         PAGE  1


LOC  OBJECT CODE     LINE SOURCE TEXT
  VALUE

Warning[205]: Found directive in column 1. (list)
                      00001 list p=16f84
Warning[205]: Found directive in column 1. (include)
                      00002 include <p16f84A.inc>
                      00001         LIST
                      00002 ; P16F84A.INC  Standard Header File, Version 2.00    Microchip Technology, Inc.
                      00134         LIST
2007   3FF1           00003  __CONFIG  _CP_OFF & _WDT_OFF & _PWRTE_ON & _XT_OSC
                      00004 
  0000000C            00005 TIEMPO EQU 0x0C
  0000000D            00006 TIEMPO2 EQU 0x0D
0000                  00007         org 0
0000   1683           00008         bsf STATUS,RP0 ; que se coloque en uno el bit RP0=BANCO 1
0001   0186           00009         CLRF PORTB ; SALIDA
0002   1283           00010         bcf STATUS,RP0
                      00011 ; ZONA DE CODIGO
0003                  00012 INICIO       
0003   3000           00013          MOVLW B'00000000'    
0004   0086           00014          MOVWF PORTB
0005   200F           00015                  CALL RETARDO
0006   3001           00016          MOVLW B'00000001'    
0007   0086           00017          MOVWF PORTB
0008   200F           00018                  CALL RETARDO
0009   3002           00019          MOVLW B'00000010'    
000A   0086           00020          MOVWF PORTB
000B   200F           00021                  CALL RETARDO
000C   3004           00022          MOVLW B'00000100'    
000D   0086           00023          MOVWF PORTB
000E   200F           00024                  CALL RETARDO       
000F                  00025 RETARDO
000F   30FF           00026           MOVLW D'255' 
0010   080C           00027           MOVFW TIEMPO ;TIEMPO=255
Message[305]: Using default destination of 1 (file).
0011   0B8C           00028 DEC       DECFSZ TIEMPO
0012   2814           00029           GOTO DEC1
0013   0008           00030                   RETURN
0014   30FF           00031 DEC1      MOVLW D'255' 
0015   080D           00032           MOVFW TIEMPO2 ;TIEMPO=255
Message[305]: Using default destination of 1 (file).
0016   0B8D           00033 DEC2      DECFSZ TIEMPO2
0017   2816           00034           GOTO DEC2
0018   2811           00035                   GOTO DEC
Warning[205]: Found directive in column 1. (END)
                      00036 END
MPASM  5.37                  JUEGODELUCES.ASM   9-26-2017  13:00:32         PAGE  2


SYMBOL TABLE
  LABEL                             VALUE 

C                                 00000000
DC                                00000001
DEC                               00000011
DEC1                              00000014
DEC2                              00000016
EEADR                             00000009
EECON1                            00000088
EECON2                            00000089
EEDATA                            00000008
EEIE                              00000006
EEIF                              00000004
F                                 00000001
FSR                               00000004
GIE                               00000007
INDF                              00000000
INICIO                            00000003
INTCON                            0000000B
INTE                              00000004
INTEDG                            00000006
INTF                              00000001
IRP                               00000007
NOT_PD                            00000003
NOT_RBPU                          00000007
NOT_TO                            00000004
OPTION_REG                        00000081
PCL                               00000002
PCLATH                            0000000A
PORTA                             00000005
PORTB                             00000006
PS0                               00000000
PS1                               00000001
PS2                               00000002
PSA                               00000003
RBIE                              00000003
RBIF                              00000000
RD                                00000000
RETARDO                           0000000F
RP0                               00000005
RP1                               00000006
STATUS                            00000003
T0CS                              00000005
T0IE                              00000005
T0IF                              00000002
T0SE                              00000004
TIEMPO                            0000000C
TIEMPO2                           0000000D
TMR0                              00000001
TRISA                             00000085
TRISB                             00000086
W                                 00000000
WR                                00000001
WREN                              00000002
WRERR                             00000003
MPASM  5.37                  JUEGODELUCES.ASM   9-26-2017  13:00:32         PAGE  3


SYMBOL TABLE
  LABEL                             VALUE 

Z                                 00000002
_CP_OFF                           00003FFF
_CP_ON                            0000000F
_HS_OSC                           00003FFE
_LP_OSC                           00003FFC
_PWRTE_OFF                        00003FFF
_PWRTE_ON                         00003FF7
_RC_OSC                           00003FFF
_WDT_OFF                          00003FFB
_WDT_ON                           00003FFF
_XT_OSC                           00003FFD
__16F84A                          00000001


MEMORY USAGE MAP ('X' = Used,  '-' = Unused)

0000 : XXXXXXXXXXXXXXXX XXXXXXXXX------- ---------------- ----------------
2000 : -------X-------- ---------------- ---------------- ----------------

All other memory blocks unused.

Program Memory Words Used:    25
Program Memory Words Free:   999


Errors   :     0
Warnings :     3 reported,     0 suppressed
Messages :     2 reported,     0 suppressed

