MPASM  5.37               PULSADOR DE LED.ASM   11-17-2017  17:57:02         PAGE  1


LOC  OBJECT CODE     LINE SOURCE TEXT
  VALUE

Warning[205]: Found directive in column 1. (list)
                      00001 list p=16f84A
Warning[205]: Found directive in column 1. (include)
                      00002 include <P16F84A.inc>
                      00001         LIST
                      00002 ; P16F84A.INC  Standard Header File, Version 2.00    Microchip Technology, Inc.
                      00134         LIST
2007   3FF1           00003  __CONFIG  _CP_OFF & _WDT_OFF & _PWRTE_ON & _XT_OSC
                      00004 
0000                  00005  org 0
                      00006 ; CONFIGURACION DE LOS PUERTOS 
0000   1683           00007   BSF STATUS,RP0
Message[302]: Register in operand not in bank 0.  Ensure that bank bits are correct.
0001   1485           00008   BSF TRISA,1
Message[302]: Register in operand not in bank 0.  Ensure that bank bits are correct.
0002   1106           00009   BCF TRISB,2
0003   1283           00010   BCF STATUS,RP0
                      00011 ; inicio del programa 
0004   1C85           00012 inicio  BTFSS PORTA,1
0005   2804           00013         GOTO inicio
0006   1506           00014         BSF PORTB,2
0007   2808           00015         GOTO apagar
0008   1885           00016 apagar  BTFSC PORTA,1
0009   2808           00017         GOTO apagar
000A   1106           00018         BCF PORTB,2
000B   2804           00019         GOTO inicio
Warning[205]: Found directive in column 1. (END)
                      00020 END
MPASM  5.37               PULSADOR DE LED.ASM   11-17-2017  17:57:02         PAGE  2


SYMBOL TABLE
  LABEL                             VALUE 

C                                 00000000
DC                                00000001
EEADR                             00000009
EECON1                            00000088
EECON2                            00000089
EEDATA                            00000008
EEIE                              00000006
EEIF                              00000004
F                                 00000001
FSR                               00000004
GIE                               00000007
INDF                              00000000
INTCON                            0000000B
INTE                              00000004
INTEDG                            00000006
INTF                              00000001
IRP                               00000007
NOT_PD                            00000003
NOT_RBPU                          00000007
NOT_TO                            00000004
OPTION_REG                        00000081
PCL                               00000002
PCLATH                            0000000A
PORTA                             00000005
PORTB                             00000006
PS0                               00000000
PS1                               00000001
PS2                               00000002
PSA                               00000003
RBIE                              00000003
RBIF                              00000000
RD                                00000000
RP0                               00000005
RP1                               00000006
STATUS                            00000003
T0CS                              00000005
T0IE                              00000005
T0IF                              00000002
T0SE                              00000004
TMR0                              00000001
TRISA                             00000085
TRISB                             00000086
W                                 00000000
WR                                00000001
WREN                              00000002
WRERR                             00000003
Z                                 00000002
_CP_OFF                           00003FFF
_CP_ON                            0000000F
_HS_OSC                           00003FFE
_LP_OSC                           00003FFC
_PWRTE_OFF                        00003FFF
_PWRTE_ON                         00003FF7
MPASM  5.37               PULSADOR DE LED.ASM   11-17-2017  17:57:02         PAGE  3


SYMBOL TABLE
  LABEL                             VALUE 

_RC_OSC                           00003FFF
_WDT_OFF                          00003FFB
_WDT_ON                           00003FFF
_XT_OSC                           00003FFD
__16F84A                          00000001
apagar                            00000008
inicio                            00000004


MEMORY USAGE MAP ('X' = Used,  '-' = Unused)

0000 : XXXXXXXXXXXX---- ---------------- ---------------- ----------------
2000 : -------X-------- ---------------- ---------------- ----------------

All other memory blocks unused.

Program Memory Words Used:    12
Program Memory Words Free:  1012


Errors   :     0
Warnings :     3 reported,     0 suppressed
Messages :     2 reported,     0 suppressed

